<?xml version="1.0" encoding="UTF-8"?>
<!-- Generated by org.testng.reporters.JUnitXMLReporter -->
<testsuite ignored="5" hostname="Eyyups-MacBook-Pro.local" failures="0" tests="1" name="Default test" time="1.622" errors="0" timestamp="27 Jul 2019 20:11:41 GMT">
  <testcase classname="rest.restIntro" name="testJSON" time="1.603"/>
  <testcase classname="rest.restIntro" name="test_ResponseHeaderData_ShouldBeCorrect" time="0.0">
    <ignored/>
  </testcase> <!-- test_ResponseHeaderData_ShouldBeCorrect -->
  <testcase classname="rest.restIntro" name="test_ScenarioRetrieveFirstCircuitFor2017SeasonAndGetCountry_ShouldBeAustralia" time="0.0">
    <ignored/>
  </testcase> <!-- test_ScenarioRetrieveFirstCircuitFor2017SeasonAndGetCountry_ShouldBeAustralia -->
  <testcase classname="rest.restIntro" name="test_NumberOfCircuits_ShouldBe20_Parameterized" time="0.0">
    <ignored/>
  </testcase> <!-- test_NumberOfCircuits_ShouldBe20_Parameterized -->
  <testcase classname="rest.restIntro" name="test_NumberOfCircuitsFor2017Season_ShouldBe20" time="0.0">
    <ignored/>
  </testcase> <!-- test_NumberOfCircuitsFor2017Season_ShouldBe20 -->
  <testcase classname="rest.restIntro" name="test_NumberOfCircuits_ShouldBe20_UsingResponseSpec" time="0.0">
    <ignored/>
  </testcase> <!-- test_NumberOfCircuits_ShouldBe20_UsingResponseSpec -->
</testsuite> <!-- Default test -->
