<?xml version="1.0" encoding="UTF-8"?>
<testng-results ignored="5" total="6" passed="1" failed="0" skipped="0">
  <reporter-output>
  </reporter-output>
  <suite started-at="2019-07-27T20:11:40Z" name="Default suite" finished-at="2019-07-27T20:11:41Z" duration-ms="1622">
    <groups>
    </groups>
    <test started-at="2019-07-27T20:11:40Z" name="Default test" finished-at="2019-07-27T20:11:41Z" duration-ms="1622">
      <class name="rest.restIntro">
        <test-method signature="testJSON()[pri:0, instance:rest.restIntro@165b2f7f]" started-at="2019-07-27T20:11:40Z" name="testJSON" finished-at="2019-07-27T20:11:41Z" duration-ms="1603" status="PASS">
          <reporter-output>
          </reporter-output>
        </test-method> <!-- testJSON -->
      </class> <!-- rest.restIntro -->
    </test> <!-- Default test -->
  </suite> <!-- Default suite -->
</testng-results>
